Watching for file changes with StatReloader
[02/Mar/2026 15:02:53] "GET /api/stats/live/ HTTP/1.1" 200 217
[02/Mar/2026 15:03:46] "GET / HTTP/1.1" 200 16697
[02/Mar/2026 15:03:47] "GET /api/stats/live/ HTTP/1.1" 200 217
Not Found: /favicon.ico
[02/Mar/2026 15:03:47] "GET /favicon.ico HTTP/1.1" 404 2691
[02/Mar/2026 15:03:47] "GET /api/stats/hourly/ HTTP/1.1" 200 80
[02/Mar/2026 15:03:50] "GET /api/stats/live/ HTTP/1.1" 200 217
[02/Mar/2026 15:03:50] "GET /api/stats/hourly/ HTTP/1.1" 200 80
[02/Mar/2026 15:04:07] "POST /api/upload/video/ HTTP/1.1" 200 175
[02/Mar/2026 15:04:09] "GET /api/upload/status/?id=53e836e8-1e83-47fa-83d2-02746479e0d5 HTTP/1.1" 200 236
[02/Mar/2026 15:04:11] "GET /api/upload/status/?id=53e836e8-1e83-47fa-83d2-02746479e0d5 HTTP/1.1" 200 236
[02/Mar/2026 15:04:13] "GET /api/upload/status/?id=53e836e8-1e83-47fa-83d2-02746479e0d5 HTTP/1.1" 200 236
[02/Mar/2026 15:04:15] "GET /api/upload/status/?id=53e836e8-1e83-47fa-83d2-02746479e0d5 HTTP/1.1" 200 236
[02/Mar/2026 15:04:17] "GET /api/upload/status/?id=53e836e8-1e83-47fa-83d2-02746479e0d5 HTTP/1.1" 200 236
[02/Mar/2026 15:04:19] "GET /api/upload/status/?id=53e836e8-1e83-47fa-83d2-02746479e0d5 HTTP/1.1" 200 236
[02/Mar/2026 15:04:21] "GET /api/upload/status/?id=53e836e8-1e83-47fa-83d2-02746479e0d5 HTTP/1.1" 200 236
[02/Mar/2026 15:04:23] "GET /api/upload/status/?id=53e836e8-1e83-47fa-83d2-02746479e0d5 HTTP/1.1" 200 236
[02/Mar/2026 15:04:25] "GET /api/upload/status/?id=53e836e8-1e83-47fa-83d2-02746479e0d5 HTTP/1.1" 200 236
[02/Mar/2026 15:04:27] "GET /api/upload/status/?id=53e836e8-1e83-47fa-83d2-02746479e0d5 HTTP/1.1" 200 236
[02/Mar/2026 15:04:29] "GET /api/upload/status/?id=53e836e8-1e83-47fa-83d2-02746479e0d5 HTTP/1.1" 200 236
[02/Mar/2026 15:04:31] "GET /api/upload/status/?id=53e836e8-1e83-47fa-83d2-02746479e0d5 HTTP/1.1" 200 236
[02/Mar/2026 15:04:33] "GET /api/upload/status/?id=53e836e8-1e83-47fa-83d2-02746479e0d5 HTTP/1.1" 200 272
[02/Mar/2026 15:05:11] "GET /api/stats/live/ HTTP/1.1" 200 418
[02/Mar/2026 15:05:11] "GET /api/stats/hourly/ HTTP/1.1" 200 81
[02/Mar/2026 15:05:15] "GET /api/stats/live/ HTTP/1.1" 200 418
[02/Mar/2026 15:05:15] "GET /api/stats/hourly/ HTTP/1.1" 200 81
[02/Mar/2026 15:05:17] "GET /api/stats/live/ HTTP/1.1" 200 418
[02/Mar/2026 15:05:17] "GET /api/stats/hourly/ HTTP/1.1" 200 81
[02/Mar/2026 15:05:27] "GET /api/stats/live/ HTTP/1.1" 200 418
[02/Mar/2026 15:05:27] "GET /api/stats/hourly/ HTTP/1.1" 200 81
[02/Mar/2026 15:05:30] "GET /api/stats/live/ HTTP/1.1" 200 418
[02/Mar/2026 15:05:30] "GET /api/stats/hourly/ HTTP/1.1" 200 81
[02/Mar/2026 15:05:44] "GET /api/stats/live/ HTTP/1.1" 200 418
[02/Mar/2026 15:05:44] "GET /api/stats/hourly/ HTTP/1.1" 200 81
[02/Mar/2026 15:05:45] "GET /api/stats/live/ HTTP/1.1" 200 418
[02/Mar/2026 15:05:45] "GET /api/stats/hourly/ HTTP/1.1" 200 81
[02/Mar/2026 15:06:21] "GET /api/stats/live/ HTTP/1.1" 200 418
[02/Mar/2026 15:06:21] "GET /api/stats/hourly/ HTTP/1.1" 200 81
